<?xml version="1.0" encoding="UTF-8"?>
<testng-results ignored="0" total="1" passed="1" failed="0" skipped="0">
  <reporter-output>
  </reporter-output>
  <suite started-at="2022-10-10T18:05:17 IST" name="All Test Suite" finished-at="2022-10-10T18:05:28 IST" duration-ms="10380">
    <groups>
    </groups>
    <test started-at="2022-10-10T18:05:17 IST" name="C:/TestNGProject/TestNGFramework/TestNGFramework" finished-at="2022-10-10T18:05:28 IST" duration-ms="10380">
      <class name="InitialFramework.StandAloneTestOptimized">
        <test-method is-config="true" signature="LaunchApplication()[pri:0, instance:InitialFramework.StandAloneTestOptimized@29e495ff]" started-at="2022-10-10T18:05:17 IST" name="LaunchApplication" finished-at="2022-10-10T18:05:22 IST" duration-ms="4143" status="PASS">
          <reporter-output>
          </reporter-output>
        </test-method> <!-- LaunchApplication -->
        <test-method signature="CompleteFlowtoAddItemsAndValidation()[pri:0, instance:InitialFramework.StandAloneTestOptimized@29e495ff]" started-at="2022-10-10T18:05:22 IST" name="CompleteFlowtoAddItemsAndValidation" finished-at="2022-10-10T18:05:25 IST" duration-ms="3758" status="PASS">
          <reporter-output>
          </reporter-output>
        </test-method> <!-- CompleteFlowtoAddItemsAndValidation -->
        <test-method is-config="true" signature="closeBrowser()[pri:0, instance:InitialFramework.StandAloneTestOptimized@29e495ff]" started-at="2022-10-10T18:05:25 IST" name="closeBrowser" finished-at="2022-10-10T18:05:28 IST" duration-ms="2438" status="PASS">
          <reporter-output>
          </reporter-output>
        </test-method> <!-- closeBrowser -->
      </class> <!-- InitialFramework.StandAloneTestOptimized -->
    </test> <!-- C:/TestNGProject/TestNGFramework/TestNGFramework -->
  </suite> <!-- All Test Suite -->
</testng-results>
